=== Running tests (output from src/kernels.o) ===
=== Verbose mode: Enabled (using '--verbose') ===
./test_kernels  --verbose
Running tests on device: NVIDIA A100-SXM4-80GB
Max shared memory per block: 49152 bytes
Malloc heap size: 134217728 bytes
============================================================
Test Case #1 (trace)
Data Type:      [36mint[0m
Warm-up Iters:  1
Profile Iters:  10
Avg Time:       4.852553 ms
Actual:         0
Verification:   [32mPassed[0m
============================================================
Test Case #1 (trace)
Data Type:      [36mfloat[0m
Warm-up Iters:  1
Profile Iters:  10
Avg Time:       2.695142 ms
Actual:         0.000000
Verification:   [32mPassed[0m
============================================================
Test Case #2 (trace)
Data Type:      [36mint[0m
Warm-up Iters:  1
Profile Iters:  10
Avg Time:       4.919199 ms
Actual:         3
Verification:   [32mPassed[0m
============================================================
Test Case #2 (trace)
Data Type:      [36mfloat[0m
Warm-up Iters:  1
Profile Iters:  10
Avg Time:       4.901326 ms
Actual:         4.348180
Verification:   [32mPassed[0m
============================================================
Test Case #3 (trace)
Data Type:      [36mint[0m
Warm-up Iters:  1
Profile Iters:  10
Avg Time:       4.896745 ms
Actual:         3
Verification:   [32mPassed[0m
============================================================
Test Case #3 (trace)
Data Type:      [36mfloat[0m
Warm-up Iters:  1
Profile Iters:  10
Avg Time:       4.886636 ms
Actual:         -0.903794
Verification:   [32mPassed[0m
============================================================
Test Case #4 (trace)
Data Type:      [36mint[0m
Warm-up Iters:  1
Profile Iters:  10
Avg Time:       4.895086 ms
Actual:         12
Verification:   [32mPassed[0m
============================================================
Test Case #4 (trace)
Data Type:      [36mfloat[0m
Warm-up Iters:  1
Profile Iters:  10
Avg Time:       6.587953 ms
Actual:         59.765026
Verification:   [32mPassed[0m
============================================================
Test Case #5 (trace)
Data Type:      [36mint[0m
Warm-up Iters:  1
Profile Iters:  10
Avg Time:       6.364248 ms
Actual:         3
Verification:   [32mPassed[0m
============================================================
Test Case #5 (trace)
Data Type:      [36mfloat[0m
Warm-up Iters:  1
Profile Iters:  10
Avg Time:       7.586254 ms
Actual:         4.348180
Verification:   [32mPassed[0m
============================================================
Test Case #6 (trace)
Data Type:      [36mint[0m
Warm-up Iters:  1
Profile Iters:  10
Avg Time:       5.094672 ms
Actual:         3
Verification:   [32mPassed[0m
============================================================
Test Case #6 (trace)
Data Type:      [36mfloat[0m
Warm-up Iters:  1
Profile Iters:  10
Avg Time:       4.889168 ms
Actual:         4.348180
Verification:   [32mPassed[0m
============================================================
Test Case #7 (trace)
Data Type:      [36mint[0m
Warm-up Iters:  1
Profile Iters:  10
Avg Time:       4.897176 ms
Actual:         405
Verification:   [32mPassed[0m
============================================================
Test Case #7 (trace)
Data Type:      [36mfloat[0m
Warm-up Iters:  1
Profile Iters:  10
Avg Time:       4.898822 ms
Actual:         -58.499126
Verification:   [32mPassed[0m
============================================================
Test Case #8 (trace)
Data Type:      [36mint[0m
Warm-up Iters:  1
Profile Iters:  10
Avg Time:       4.901684 ms
Actual:         161
Verification:   [32mPassed[0m
============================================================
Test Case #8 (trace)
Data Type:      [36mfloat[0m
Warm-up Iters:  1
Profile Iters:  10
Avg Time:       6.321260 ms
Actual:         -182.851379
Verification:   [32mPassed[0m
============================================================
Test Case #9 (trace)
Data Type:      [36mint[0m
Warm-up Iters:  1
Profile Iters:  10
Avg Time:       3.623420 ms
Actual:         124
Verification:   [32mPassed[0m
============================================================
Test Case #9 (trace)
Data Type:      [36mfloat[0m
Warm-up Iters:  1
Profile Iters:  10
Avg Time:       3.906130 ms
Actual:         313.161957
Verification:   [32mPassed[0m
============================================================
Test Case #10 (trace)
Data Type:      [36mint[0m
Warm-up Iters:  1
Profile Iters:  10
Avg Time:       4.895607 ms
Actual:         66
Verification:   [32mPassed[0m
============================================================
Test Case #10 (trace)
Data Type:      [36mfloat[0m
Warm-up Iters:  1
Profile Iters:  10
Avg Time:       4.896021 ms
Actual:         -77.915710
Verification:   [32mPassed[0m
============================================================
Test Case #11 (trace)
Data Type:      [36mint[0m
Warm-up Iters:  1
Profile Iters:  10
Avg Time:       4.896269 ms
Actual:         354
Verification:   [32mPassed[0m
============================================================
Test Case #11 (trace)
Data Type:      [36mfloat[0m
Warm-up Iters:  1
Profile Iters:  10
Avg Time:       4.895555 ms
Actual:         199.238327
Verification:   [32mPassed[0m
============================================================
Test Case #12 (trace)
Data Type:      [36mint[0m
Warm-up Iters:  1
Profile Iters:  10
Avg Time:       4.893118 ms
Actual:         180
Verification:   [32mPassed[0m
============================================================
Test Case #12 (trace)
Data Type:      [36mfloat[0m
Warm-up Iters:  1
Profile Iters:  10
Avg Time:       5.728638 ms
Actual:         -83.046021
Verification:   [32mPassed[0m
============================================================
Test Case #13 (trace)
Data Type:      [36mint[0m
Warm-up Iters:  1
Profile Iters:  10
Avg Time:       6.716109 ms
Actual:         99
Verification:   [32mPassed[0m
============================================================
Test Case #13 (trace)
Data Type:      [36mfloat[0m
Warm-up Iters:  1
Profile Iters:  10
Avg Time:       6.889494 ms
Actual:         -206.910873
Verification:   [32mPassed[0m
============================================================
Test Case #14 (trace)
Data Type:      [36mint[0m
Warm-up Iters:  1
Profile Iters:  10
Avg Time:       2.449942 ms
Actual:         249
Verification:   [32mPassed[0m
============================================================
Test Case #14 (trace)
Data Type:      [36mfloat[0m
Warm-up Iters:  1
Profile Iters:  10
Avg Time:       2.451797 ms
Actual:         449.819336
Verification:   [32mPassed[0m
============================================================
Test Case #15 (trace)
Data Type:      [36mint[0m
Warm-up Iters:  1
Profile Iters:  10
Avg Time:       2.450152 ms
Actual:         124
Verification:   [32mPassed[0m
============================================================
Test Case #15 (trace)
Data Type:      [36mfloat[0m
Warm-up Iters:  1
Profile Iters:  10
Avg Time:       4.132988 ms
Actual:         313.161957
Verification:   [32mPassed[0m
============================================================
Test Case #16 (trace)
Data Type:      [36mint[0m
Warm-up Iters:  1
Profile Iters:  10
Avg Time:       2.447701 ms
Actual:         57
Verification:   [32mPassed[0m
============================================================
Test Case #16 (trace)
Data Type:      [36mfloat[0m
Warm-up Iters:  1
Profile Iters:  10
Avg Time:       7.509158 ms
Actual:         709.080750
Verification:   [32mPassed[0m
============================================================
Test Case #17 (trace)
Data Type:      [36mint[0m
Warm-up Iters:  1
Profile Iters:  10
Avg Time:       14.840770 ms
Actual:         -174
Verification:   [32mPassed[0m
============================================================
Test Case #17 (trace)
Data Type:      [36mfloat[0m
Warm-up Iters:  1
Profile Iters:  10
Avg Time:       9.831547 ms
Actual:         249.593796
Verification:   [32mPassed[0m
============================================================
Test Case #18 (trace)
Data Type:      [36mint[0m
Warm-up Iters:  1
Profile Iters:  10
Avg Time:       2.449405 ms
Actual:         165
Verification:   [32mPassed[0m
============================================================
Test Case #18 (trace)
Data Type:      [36mfloat[0m
Warm-up Iters:  1
Profile Iters:  10
Avg Time:       2.449756 ms
Actual:         135.018539
Verification:   [32mPassed[0m
============================================================
Test Case #19 (trace)
Data Type:      [36mint[0m
Warm-up Iters:  1
Profile Iters:  10
Avg Time:       2.450038 ms
Actual:         161
Verification:   [32mPassed[0m
============================================================
Test Case #19 (trace)
Data Type:      [36mfloat[0m
Warm-up Iters:  1
Profile Iters:  10
Avg Time:       2.450420 ms
Actual:         -182.851379
Verification:   [32mPassed[0m
============================================================
Test Case #20 (trace)
Data Type:      [36mint[0m
Warm-up Iters:  1
Profile Iters:  10
Avg Time:       7.419688 ms
Actual:         -289
Verification:   [32mPassed[0m
============================================================
Test Case #20 (trace)
Data Type:      [36mfloat[0m
Warm-up Iters:  1
Profile Iters:  10
Avg Time:       2.447770 ms
Actual:         246.774170
Verification:   [32mPassed[0m
============================================================
Test Case #21 (trace)
Data Type:      [36mint[0m
Warm-up Iters:  1
Profile Iters:  10
Avg Time:       2.447070 ms
Actual:         712
Verification:   [32mPassed[0m
============================================================
Test Case #21 (trace)
Data Type:      [36mfloat[0m
Warm-up Iters:  1
Profile Iters:  10
Avg Time:       7.485952 ms
Actual:         -1556.684692
Verification:   [32mPassed[0m
============================================================
Test Case #22 (trace)
Data Type:      [36mint[0m
Warm-up Iters:  1
Profile Iters:  10
Avg Time:       2.452984 ms
Actual:         57
Verification:   [32mPassed[0m
============================================================
Test Case #22 (trace)
Data Type:      [36mfloat[0m
Warm-up Iters:  1
Profile Iters:  10
Avg Time:       9.152957 ms
Actual:         709.080750
Verification:   [32mPassed[0m
============================================================
Test Case #23 (trace)
Data Type:      [36mint[0m
Warm-up Iters:  1
Profile Iters:  10
Avg Time:       2.449668 ms
Actual:         1059
Verification:   [32mPassed[0m
============================================================
Test Case #23 (trace)
Data Type:      [36mfloat[0m
Warm-up Iters:  1
Profile Iters:  10
Avg Time:       6.540930 ms
Actual:         -291.642944
Verification:   [32mPassed[0m
============================================================
Test Case #24 (trace)
Data Type:      [36mint[0m
Warm-up Iters:  1
Profile Iters:  10
Avg Time:       4.894196 ms
Actual:         3
Verification:   [32mPassed[0m
============================================================
Test Case #24 (trace)
Data Type:      [36mfloat[0m
Warm-up Iters:  1
Profile Iters:  10
Avg Time:       4.896460 ms
Actual:         4.348180
Verification:   [32mPassed[0m
============================================================
Test Case #25 (trace)
Data Type:      [36mint[0m
Warm-up Iters:  1
Profile Iters:  10
Avg Time:       4.895542 ms
Actual:         3
Verification:   [32mPassed[0m
============================================================
Test Case #25 (trace)
Data Type:      [36mfloat[0m
Warm-up Iters:  1
Profile Iters:  10
Avg Time:       4.915257 ms
Actual:         4.348180
Verification:   [32mPassed[0m
============================================================
Test Case #26 (trace)
Data Type:      [36mint[0m
Warm-up Iters:  1
Profile Iters:  10
Avg Time:       2.449861 ms
Actual:         70
Verification:   [32mPassed[0m
============================================================
Test Case #26 (trace)
Data Type:      [36mfloat[0m
Warm-up Iters:  1
Profile Iters:  10
Avg Time:       3.826572 ms
Actual:         -10.948715
Verification:   [32mPassed[0m
============================================================
Test Case #27 (trace)
Data Type:      [36mint[0m
Warm-up Iters:  1
Profile Iters:  10
Avg Time:       4.248096 ms
Actual:         13
Verification:   [32mPassed[0m
============================================================
Test Case #27 (trace)
Data Type:      [36mfloat[0m
Warm-up Iters:  1
Profile Iters:  10
Avg Time:       4.110854 ms
Actual:         -2.949327
Verification:   [32mPassed[0m
============================================================
Test Case #28 (trace)
Data Type:      [36mint[0m
Warm-up Iters:  1
Profile Iters:  10
Avg Time:       4.928722 ms
Actual:         3
Verification:   [32mPassed[0m
============================================================
Test Case #28 (trace)
Data Type:      [36mfloat[0m
Warm-up Iters:  1
Profile Iters:  10
Avg Time:       4.888746 ms
Actual:         4.348180
Verification:   [32mPassed[0m
============================================================
Test Case #29 (trace)
Data Type:      [36mint[0m
Warm-up Iters:  1
Profile Iters:  10
Avg Time:       4.961153 ms
Actual:         3
Verification:   [32mPassed[0m
============================================================
Test Case #29 (trace)
Data Type:      [36mfloat[0m
Warm-up Iters:  1
Profile Iters:  10
Avg Time:       4.898740 ms
Actual:         4.348180
Verification:   [32mPassed[0m
============================================================
Test Case #30 (trace)
Data Type:      [36mint[0m
Warm-up Iters:  1
Profile Iters:  10
Avg Time:       7.583579 ms
Actual:         1172
Verification:   [32mPassed[0m
============================================================
Test Case #30 (trace)
Data Type:      [36mfloat[0m
Warm-up Iters:  1
Profile Iters:  10
Avg Time:       4.020053 ms
Actual:         -4976.521973
Verification:   [32mPassed[0m
============================================================
Test Case #31 (trace)
Data Type:      [36mint[0m
Warm-up Iters:  1
Profile Iters:  10
Avg Time:       24.560158 ms
Actual:         -979
Verification:   [32mPassed[0m
============================================================
Test Case #31 (trace)
Data Type:      [36mfloat[0m
Warm-up Iters:  1
Profile Iters:  10
Avg Time:       27.021771 ms
Actual:         -1084.730713
Verification:   [32mPassed[0m
============================================================
Test Case #1 (Attention)
Data Type:      [36mfloat[0m
Warm-up Iters:  1
Profile Iters:  10
Avg Time:       14.269281 ms
Max Diff:       0.0000000
Max Tolerance:  0.0000000
Verification:   [32mPassed[0m
============================================================
Test Case #1 (Attention)
Data Type:      [36mhalf[0m
Warm-up Iters:  1
Profile Iters:  10
Avg Time:       14.582080 ms
Max Diff:       0.0000000
Max Tolerance:  0.0000000
Verification:   [32mPassed[0m
============================================================
Test Case #2 (Attention)
Data Type:      [36mfloat[0m
Warm-up Iters:  1
Profile Iters:  10
Avg Time:       7.345035 ms
Max Diff:       0.0000000
Max Tolerance:  0.0000000
Verification:   [32mPassed[0m
============================================================
Test Case #2 (Attention)
Data Type:      [36mhalf[0m
Warm-up Iters:  1
Profile Iters:  10
Avg Time:       7.345440 ms
Max Diff:       0.0000000
Max Tolerance:  0.0000000
Verification:   [32mPassed[0m
============================================================
Test Case #3 (Attention)
Data Type:      [36mfloat[0m
Warm-up Iters:  1
Profile Iters:  10
Avg Time:       8.027748 ms
Max Diff:       0.0000010
Max Tolerance:  0.0042060
Verification:   [32mPassed[0m
============================================================
Test Case #3 (Attention)
Data Type:      [36mhalf[0m
Warm-up Iters:  1
Profile Iters:  10
Avg Time:       16.083997 ms
Max Diff:       0.0000000
Max Tolerance:  0.0000000
Verification:   [32mPassed[0m
============================================================
Test Case #4 (Attention)
Data Type:      [36mfloat[0m
Warm-up Iters:  1
Profile Iters:  10
Avg Time:       13.590570 ms
Max Diff:       0.0000124
Max Tolerance:  0.0007504
Verification:   [32mPassed[0m
============================================================
Test Case #4 (Attention)
Data Type:      [36mhalf[0m
Warm-up Iters:  1
Profile Iters:  10
Avg Time:       10.678156 ms
Max Diff:       0.0009766
Max Tolerance:  0.0130127
Verification:   [32mPassed[0m
============================================================
Test Case #5 (Attention)
Data Type:      [36mfloat[0m
Warm-up Iters:  1
Profile Iters:  10
Avg Time:       8.247475 ms
Max Diff:       0.0000019
Max Tolerance:  0.0044089
Verification:   [32mPassed[0m
============================================================
Test Case #5 (Attention)
Data Type:      [36mhalf[0m
Warm-up Iters:  1
Profile Iters:  10
Avg Time:       9.684767 ms
Max Diff:       0.0000000
Max Tolerance:  0.0000000
Verification:   [32mPassed[0m
============================================================
Test Case #6 (Attention)
Data Type:      [36mfloat[0m
Warm-up Iters:  1
Profile Iters:  10
Avg Time:       2.749414 ms
Max Diff:       0.0000315
Max Tolerance:  0.0010556
Verification:   [32mPassed[0m
============================================================
Test Case #6 (Attention)
Data Type:      [36mhalf[0m
Warm-up Iters:  1
Profile Iters:  10
Avg Time:       3.214167 ms
Max Diff:       0.0078125
Max Tolerance:  0.0453906
Verification:   [32mPassed[0m
============================================================
Test Case #7 (Attention)
Data Type:      [36mfloat[0m
Warm-up Iters:  1
Profile Iters:  10
Avg Time:       7.401981 ms
Max Diff:       0.0000033
Max Tolerance:  0.0016394
Verification:   [32mPassed[0m
============================================================
Test Case #7 (Attention)
Data Type:      [36mhalf[0m
Warm-up Iters:  1
Profile Iters:  10
Avg Time:       8.793804 ms
Max Diff:       0.0000000
Max Tolerance:  0.0000000
Verification:   [32mPassed[0m
============================================================
Test Case #8 (Attention)
Data Type:      [36mfloat[0m
Warm-up Iters:  1
Profile Iters:  10
Avg Time:       9.531751 ms
Max Diff:       0.0000019
Max Tolerance:  0.0044736
Verification:   [32mPassed[0m
============================================================
Test Case #8 (Attention)
Data Type:      [36mhalf[0m
Warm-up Iters:  1
Profile Iters:  10
Avg Time:       7.349072 ms
Max Diff:       0.0000000
Max Tolerance:  0.0000000
Verification:   [32mPassed[0m
============================================================
Test Case #9 (Attention)
Data Type:      [36mfloat[0m
Warm-up Iters:  1
Profile Iters:  10
Avg Time:       7.352245 ms
Max Diff:       0.0000165
Max Tolerance:  0.0013053
Verification:   [32mPassed[0m
============================================================
Test Case #9 (Attention)
Data Type:      [36mhalf[0m
Warm-up Iters:  1
Profile Iters:  10
Avg Time:       7.352287 ms
Max Diff:       0.0004883
Max Tolerance:  0.0098804
Verification:   [32mPassed[0m
============================================================
Test Case #10 (Attention)
Data Type:      [36mfloat[0m
Warm-up Iters:  1
Profile Iters:  10
Avg Time:       7.982957 ms
Max Diff:       0.0000207
Max Tolerance:  0.0012683
Verification:   [32mPassed[0m
============================================================
Test Case #10 (Attention)
Data Type:      [36mhalf[0m
Warm-up Iters:  1
Profile Iters:  10
Avg Time:       11.636538 ms
Max Diff:       0.0019531
Max Tolerance:  0.0170898
Verification:   [32mPassed[0m
============================================================
Test Case #11 (Attention)
Data Type:      [36mfloat[0m
Warm-up Iters:  1
Profile Iters:  10
Avg Time:       7.757584 ms
Max Diff:       0.0000010
Max Tolerance:  0.0045266
Verification:   [32mPassed[0m
============================================================
Test Case #11 (Attention)
Data Type:      [36mhalf[0m
Warm-up Iters:  1
Profile Iters:  10
Avg Time:       231.158717 ms
Max Diff:       0.0000000
Max Tolerance:  0.0000000
Verification:   [32mPassed[0m
============================================================
Test Case #12 (Attention)
Data Type:      [36mfloat[0m
Warm-up Iters:  1
Profile Iters:  10
Avg Time:       11.995584 ms
Max Diff:       0.0000019
Max Tolerance:  0.0041893
Verification:   [32mPassed[0m
============================================================
Test Case #12 (Attention)
Data Type:      [36mhalf[0m
Warm-up Iters:  1
Profile Iters:  10
Avg Time:       12.369702 ms
Max Diff:       0.0000000
Max Tolerance:  0.0000000
Verification:   [32mPassed[0m
============================================================
Test Case #13 (Attention)
Data Type:      [36mfloat[0m
Warm-up Iters:  1
Profile Iters:  10
Avg Time:       14.388040 ms
Max Diff:       0.0000038
Max Tolerance:  0.0049792
Verification:   [32mPassed[0m
============================================================
Test Case #13 (Attention)
Data Type:      [36mhalf[0m
Warm-up Iters:  1
Profile Iters:  10
Avg Time:       11.636793 ms
Max Diff:       0.0078125
Max Tolerance:  0.0491406
Verification:   [32mPassed[0m
============================================================
Test Case #14 (Attention)
Data Type:      [36mfloat[0m
Warm-up Iters:  1
Profile Iters:  10
Avg Time:       57.240929 ms
Max Diff:       0.0000575
Max Tolerance:  0.0015344
Verification:   [32mPassed[0m
============================================================
Test Case #14 (Attention)
Data Type:      [36mhalf[0m
Warm-up Iters:  1
Profile Iters:  10
Avg Time:       46.814520 ms
Max Diff:       0.0078125
Max Tolerance:  0.0474609
Verification:   [32mPassed[0m
============================================================
